<?xml version="1.0" encoding="UTF-8"?>
<!-- Generated by org.testng.reporters.JUnitXMLReporter -->
<testsuite hostname="aeriesscbook111" ignored="0" name="AdminTest" tests="99" failures="0" timestamp="14 Aug 2018 07:25:30 GMT" time="1910.057" errors="0">
  <testcase name="tt" time="20.434" classname="com.cashe.mobile.tests.AdminTestFlow"/>
  <testcase name="tt" time="19.091" classname="com.cashe.mobile.tests.AdminTestFlow"/>
  <testcase name="tt" time="19.292" classname="com.cashe.mobile.tests.AdminTestFlow"/>
  <testcase name="tt" time="18.936" classname="com.cashe.mobile.tests.AdminTestFlow"/>
  <testcase name="tt" time="19.728" classname="com.cashe.mobile.tests.AdminTestFlow"/>
  <testcase name="tt" time="18.98" classname="com.cashe.mobile.tests.AdminTestFlow"/>
  <testcase name="tt" time="19.015" classname="com.cashe.mobile.tests.AdminTestFlow"/>
  <testcase name="tt" time="19.304" classname="com.cashe.mobile.tests.AdminTestFlow"/>
  <testcase name="tt" time="18.974" classname="com.cashe.mobile.tests.AdminTestFlow"/>
  <testcase name="tt" time="18.915" classname="com.cashe.mobile.tests.AdminTestFlow"/>
  <testcase name="tt" time="19.068" classname="com.cashe.mobile.tests.AdminTestFlow"/>
  <testcase name="tt" time="18.896" classname="com.cashe.mobile.tests.AdminTestFlow"/>
  <testcase name="tt" time="18.989" classname="com.cashe.mobile.tests.AdminTestFlow"/>
  <testcase name="tt" time="18.882" classname="com.cashe.mobile.tests.AdminTestFlow"/>
  <testcase name="tt" time="18.945" classname="com.cashe.mobile.tests.AdminTestFlow"/>
  <testcase name="tt" time="18.898" classname="com.cashe.mobile.tests.AdminTestFlow"/>
  <testcase name="tt" time="19.14" classname="com.cashe.mobile.tests.AdminTestFlow"/>
  <testcase name="tt" time="19.191" classname="com.cashe.mobile.tests.AdminTestFlow"/>
  <testcase name="tt" time="19.159" classname="com.cashe.mobile.tests.AdminTestFlow"/>
  <testcase name="tt" time="18.949" classname="com.cashe.mobile.tests.AdminTestFlow"/>
  <testcase name="tt" time="18.975" classname="com.cashe.mobile.tests.AdminTestFlow"/>
  <testcase name="tt" time="19.033" classname="com.cashe.mobile.tests.AdminTestFlow"/>
  <testcase name="tt" time="18.995" classname="com.cashe.mobile.tests.AdminTestFlow"/>
  <testcase name="tt" time="18.936" classname="com.cashe.mobile.tests.AdminTestFlow"/>
  <testcase name="tt" time="18.981" classname="com.cashe.mobile.tests.AdminTestFlow"/>
  <testcase name="tt" time="19.778" classname="com.cashe.mobile.tests.AdminTestFlow"/>
  <testcase name="tt" time="19.663" classname="com.cashe.mobile.tests.AdminTestFlow"/>
  <testcase name="tt" time="19.755" classname="com.cashe.mobile.tests.AdminTestFlow"/>
  <testcase name="tt" time="19.907" classname="com.cashe.mobile.tests.AdminTestFlow"/>
  <testcase name="tt" time="19.695" classname="com.cashe.mobile.tests.AdminTestFlow"/>
  <testcase name="tt" time="19.789" classname="com.cashe.mobile.tests.AdminTestFlow"/>
  <testcase name="tt" time="19.635" classname="com.cashe.mobile.tests.AdminTestFlow"/>
  <testcase name="tt" time="19.755" classname="com.cashe.mobile.tests.AdminTestFlow"/>
  <testcase name="tt" time="19.754" classname="com.cashe.mobile.tests.AdminTestFlow"/>
  <testcase name="tt" time="20.934" classname="com.cashe.mobile.tests.AdminTestFlow"/>
  <testcase name="tt" time="19.807" classname="com.cashe.mobile.tests.AdminTestFlow"/>
  <testcase name="tt" time="19.899" classname="com.cashe.mobile.tests.AdminTestFlow"/>
  <testcase name="tt" time="20.125" classname="com.cashe.mobile.tests.AdminTestFlow"/>
  <testcase name="tt" time="20.571" classname="com.cashe.mobile.tests.AdminTestFlow"/>
  <testcase name="tt" time="20.12" classname="com.cashe.mobile.tests.AdminTestFlow"/>
  <testcase name="tt" time="20.507" classname="com.cashe.mobile.tests.AdminTestFlow"/>
  <testcase name="tt" time="20.106" classname="com.cashe.mobile.tests.AdminTestFlow"/>
  <testcase name="tt" time="20.222" classname="com.cashe.mobile.tests.AdminTestFlow"/>
  <testcase name="tt" time="19.58" classname="com.cashe.mobile.tests.AdminTestFlow"/>
  <testcase name="tt" time="20.693" classname="com.cashe.mobile.tests.AdminTestFlow"/>
  <testcase name="tt" time="19.634" classname="com.cashe.mobile.tests.AdminTestFlow"/>
  <testcase name="tt" time="20.11" classname="com.cashe.mobile.tests.AdminTestFlow"/>
  <testcase name="tt" time="18.923" classname="com.cashe.mobile.tests.AdminTestFlow"/>
  <testcase name="tt" time="18.962" classname="com.cashe.mobile.tests.AdminTestFlow"/>
  <testcase name="tt" time="18.991" classname="com.cashe.mobile.tests.AdminTestFlow"/>
  <testcase name="tt" time="19.021" classname="com.cashe.mobile.tests.AdminTestFlow"/>
  <testcase name="tt" time="18.825" classname="com.cashe.mobile.tests.AdminTestFlow"/>
  <testcase name="tt" time="19.09" classname="com.cashe.mobile.tests.AdminTestFlow"/>
  <testcase name="tt" time="19.236" classname="com.cashe.mobile.tests.AdminTestFlow"/>
  <testcase name="tt" time="18.903" classname="com.cashe.mobile.tests.AdminTestFlow"/>
  <testcase name="tt" time="18.914" classname="com.cashe.mobile.tests.AdminTestFlow"/>
  <testcase name="tt" time="19.078" classname="com.cashe.mobile.tests.AdminTestFlow"/>
  <testcase name="tt" time="18.988" classname="com.cashe.mobile.tests.AdminTestFlow"/>
  <testcase name="tt" time="18.949" classname="com.cashe.mobile.tests.AdminTestFlow"/>
  <testcase name="tt" time="19.042" classname="com.cashe.mobile.tests.AdminTestFlow"/>
  <testcase name="tt" time="19.002" classname="com.cashe.mobile.tests.AdminTestFlow"/>
  <testcase name="tt" time="18.938" classname="com.cashe.mobile.tests.AdminTestFlow"/>
  <testcase name="tt" time="19.041" classname="com.cashe.mobile.tests.AdminTestFlow"/>
  <testcase name="tt" time="19.08" classname="com.cashe.mobile.tests.AdminTestFlow"/>
  <testcase name="tt" time="19.124" classname="com.cashe.mobile.tests.AdminTestFlow"/>
  <testcase name="tt" time="19.093" classname="com.cashe.mobile.tests.AdminTestFlow"/>
  <testcase name="tt" time="19.172" classname="com.cashe.mobile.tests.AdminTestFlow"/>
  <testcase name="tt" time="19.614" classname="com.cashe.mobile.tests.AdminTestFlow"/>
  <testcase name="tt" time="19.053" classname="com.cashe.mobile.tests.AdminTestFlow"/>
  <testcase name="tt" time="19.018" classname="com.cashe.mobile.tests.AdminTestFlow"/>
  <testcase name="tt" time="19.378" classname="com.cashe.mobile.tests.AdminTestFlow"/>
  <testcase name="tt" time="19.079" classname="com.cashe.mobile.tests.AdminTestFlow"/>
  <testcase name="tt" time="19.127" classname="com.cashe.mobile.tests.AdminTestFlow"/>
  <testcase name="tt" time="18.915" classname="com.cashe.mobile.tests.AdminTestFlow"/>
  <testcase name="tt" time="20.434" classname="com.cashe.mobile.tests.AdminTestFlow"/>
  <testcase name="tt" time="18.994" classname="com.cashe.mobile.tests.AdminTestFlow"/>
  <testcase name="tt" time="19.201" classname="com.cashe.mobile.tests.AdminTestFlow"/>
  <testcase name="tt" time="19.238" classname="com.cashe.mobile.tests.AdminTestFlow"/>
  <testcase name="tt" time="19.485" classname="com.cashe.mobile.tests.AdminTestFlow"/>
  <testcase name="tt" time="18.906" classname="com.cashe.mobile.tests.AdminTestFlow"/>
  <testcase name="tt" time="18.981" classname="com.cashe.mobile.tests.AdminTestFlow"/>
  <testcase name="tt" time="19.119" classname="com.cashe.mobile.tests.AdminTestFlow"/>
  <testcase name="tt" time="19.025" classname="com.cashe.mobile.tests.AdminTestFlow"/>
  <testcase name="tt" time="18.895" classname="com.cashe.mobile.tests.AdminTestFlow"/>
  <testcase name="tt" time="18.953" classname="com.cashe.mobile.tests.AdminTestFlow"/>
  <testcase name="tt" time="18.869" classname="com.cashe.mobile.tests.AdminTestFlow"/>
  <testcase name="tt" time="19.197" classname="com.cashe.mobile.tests.AdminTestFlow"/>
  <testcase name="tt" time="18.878" classname="com.cashe.mobile.tests.AdminTestFlow"/>
  <testcase name="tt" time="19.716" classname="com.cashe.mobile.tests.AdminTestFlow"/>
  <testcase name="tt" time="19.094" classname="com.cashe.mobile.tests.AdminTestFlow"/>
  <testcase name="tt" time="18.962" classname="com.cashe.mobile.tests.AdminTestFlow"/>
  <testcase name="tt" time="18.912" classname="com.cashe.mobile.tests.AdminTestFlow"/>
  <testcase name="tt" time="18.953" classname="com.cashe.mobile.tests.AdminTestFlow"/>
  <testcase name="tt" time="18.94" classname="com.cashe.mobile.tests.AdminTestFlow"/>
  <testcase name="tt" time="18.968" classname="com.cashe.mobile.tests.AdminTestFlow"/>
  <testcase name="tt" time="19.032" classname="com.cashe.mobile.tests.AdminTestFlow"/>
  <testcase name="tt" time="19.057" classname="com.cashe.mobile.tests.AdminTestFlow"/>
  <testcase name="tt" time="18.855" classname="com.cashe.mobile.tests.AdminTestFlow"/>
  <testcase name="tt" time="18.949" classname="com.cashe.mobile.tests.AdminTestFlow"/>
</testsuite> <!-- AdminTest -->
