<?xml version="1.0" encoding="UTF-8"?>
<!-- Generated by org.testng.reporters.JUnitXMLReporter -->
<testsuite hostname="Aeries-9G61NJ2" ignored="0" name="NewUser" tests="4" failures="4" timestamp="13 Jun 2018 11:23:13 GMT" time="1346.104" errors="0">
  <testcase name="tt" time="354.155" classname="com.cashe.mobile.tests.NewCustomerFreshDesk">
    <failure type="java.lang.AssertionError" message="null">
      <![CDATA[java.lang.AssertionError: null
	at com.cashe.mobile.tests.NewCustomerFreshDesk.tt(NewCustomerFreshDesk.java:90)
	at java.util.concurrent.ThreadPoolExecutor.runWorker(ThreadPoolExecutor.java:1142)
	at java.util.concurrent.ThreadPoolExecutor$Worker.run(ThreadPoolExecutor.java:617)
	at java.lang.Thread.run(Thread.java:745)
... Removed 12 stack frames]]>
    </failure>
  </testcase> <!-- tt -->
  <testcase name="tt" time="419.742" classname="com.cashe.mobile.tests.NewCustomerFreshDesk">
    <failure type="java.lang.AssertionError" message="null">
      <![CDATA[java.lang.AssertionError: null
	at com.cashe.mobile.tests.NewCustomerFreshDesk.tt(NewCustomerFreshDesk.java:90)
	at java.util.concurrent.ThreadPoolExecutor.runWorker(ThreadPoolExecutor.java:1142)
	at java.util.concurrent.ThreadPoolExecutor$Worker.run(ThreadPoolExecutor.java:617)
	at java.lang.Thread.run(Thread.java:745)
... Removed 12 stack frames]]>
    </failure>
  </testcase> <!-- tt -->
  <testcase name="tt" time="288.836" classname="com.cashe.mobile.tests.NewCustomerFreshDesk">
    <failure type="java.lang.AssertionError" message="null">
      <![CDATA[java.lang.AssertionError: null
	at com.cashe.mobile.tests.NewCustomerFreshDesk.tt(NewCustomerFreshDesk.java:90)
	at java.util.concurrent.ThreadPoolExecutor.runWorker(ThreadPoolExecutor.java:1142)
	at java.util.concurrent.ThreadPoolExecutor$Worker.run(ThreadPoolExecutor.java:617)
	at java.lang.Thread.run(Thread.java:745)
... Removed 12 stack frames]]>
    </failure>
  </testcase> <!-- tt -->
  <testcase name="tt" time="256.848" classname="com.cashe.mobile.tests.NewCustomerFreshDesk">
    <failure type="java.lang.AssertionError" message="null">
      <![CDATA[java.lang.AssertionError: null
	at com.cashe.mobile.tests.NewCustomerFreshDesk.tt(NewCustomerFreshDesk.java:90)
	at java.util.concurrent.ThreadPoolExecutor.runWorker(ThreadPoolExecutor.java:1142)
	at java.util.concurrent.ThreadPoolExecutor$Worker.run(ThreadPoolExecutor.java:617)
	at java.lang.Thread.run(Thread.java:745)
... Removed 12 stack frames]]>
    </failure>
  </testcase> <!-- tt -->
</testsuite> <!-- NewUser -->
